
/home/runner/work/exp-western-blot-cell-lysate-antibody-iitg/exp-western-blot-cell-lysate-antibody-iitg/experiment/simulation/js/animation.js
  27:21  warning  'bodymovin' is not defined  no-undef

/home/runner/work/exp-western-blot-cell-lysate-antibody-iitg/exp-western-blot-cell-lysate-antibody-iitg/experiment/simulation/js/tooltip.js
   1:48  warning  'event' is defined but never used  no-unused-vars
  58:46  warning  'event' is defined but never used  no-unused-vars

/home/runner/work/exp-western-blot-cell-lysate-antibody-iitg/exp-western-blot-cell-lysate-antibody-iitg/experiment/simulation/js/vlabSimulation.js
  400:5   warning  'currentStep' is not defined                    no-undef
  402:9   warning  'procedure' is assigned a value but never used  no-unused-vars
  402:35  warning  'currentStep' is not defined                    no-undef
  403:22  warning  'currentStep' is not defined                    no-undef
  428:22  warning  'currentStep' is not defined                    no-undef
  452:9   warning  'currentStep' is not defined                    no-undef
  453:36  warning  'currentStep' is not defined                    no-undef
  462:24  warning  'step' is defined but never used                no-unused-vars
  464:29  warning  'currentStep' is not defined                    no-undef
  467:33  warning  'currentStep' is not defined                    no-undef
  505:9   warning  'currentStep' is not defined                    no-undef
  506:9   warning  'currentStep' is not defined                    no-undef
  519:9   warning  'currentStep' is not defined                    no-undef
  524:9   warning  'currentStep' is not defined                    no-undef
  525:9   warning  'currentStep' is not defined                    no-undef

✖ 18 problems (0 errors, 18 warnings)

